e:\projectforum2020 - lmge\lmge\geodesic\x64\release\vc142.pdb
e:\projectforum2020 - lmge\lmge\geodesic\x64\release\module.obj
x64\release\cuda.cu.obj
e:\projectforum2020 - lmge\lmge\lmge\x64\release\geodesic.lib
e:\projectforum2020 - lmge\lmge\lmge\x64\release\geodesic.exp
e:\projectforum2020 - lmge\lmge\lmge\x64\release\geodesic.ipdb
e:\projectforum2020 - lmge\lmge\lmge\x64\release\geodesic.iobj
e:\projectforum2020 - lmge\lmge\lmge\x64\release\geodesic.pyd
e:\projectforum2020 - lmge\lmge\lmge\x64\release\geodesic.pdb
e:\projectforum2020 - lmge\lmge\geodesic\x64\release\cuda.cu.cache
e:\projectforum2020 - lmge\lmge\geodesic\x64\release\cuda.cu.obj
e:\projectforum2020 - lmge\lmge\geodesic\x64\release\geodesic.device-link.obj
e:\projectforum2020 - lmge\lmge\geodesic\x64\release\geodesic.tlog\cl.command.1.tlog
e:\projectforum2020 - lmge\lmge\geodesic\x64\release\geodesic.tlog\cl.read.1.tlog
e:\projectforum2020 - lmge\lmge\geodesic\x64\release\geodesic.tlog\cl.write.1.tlog
e:\projectforum2020 - lmge\lmge\geodesic\x64\release\geodesic.tlog\cudacompile.read.1u.tlog
e:\projectforum2020 - lmge\lmge\geodesic\x64\release\geodesic.tlog\cudacompile.write.1u.tlog
e:\projectforum2020 - lmge\lmge\geodesic\x64\release\geodesic.tlog\geodesic.write.1u.tlog
e:\projectforum2020 - lmge\lmge\geodesic\x64\release\geodesic.tlog\link.command.1.tlog
e:\projectforum2020 - lmge\lmge\geodesic\x64\release\geodesic.tlog\link.delete.1.tlog
e:\projectforum2020 - lmge\lmge\geodesic\x64\release\geodesic.tlog\link.read.1.tlog
e:\projectforum2020 - lmge\lmge\geodesic\x64\release\geodesic.tlog\link.write.1.tlog
